<?xml version="1.0" encoding="UTF-8"?>
<!-- Generated by org.testng.reporters.JUnitXMLReporter -->
<testsuite hostname="Gonis-MacBook-Pro.local" name="ProtocolsTest" tests="13" failures="13" timestamp="4 Feb 2016 09:17:09 GMT" time="1167.266" errors="0">
  <testcase name="canSelectCollectionsAndSettings" time="0.008" classname="com.biodata.labguru.tests.AccountAdminTest">
    <failure type="java.lang.RuntimeException">
      <![CDATA[java.lang.RuntimeException
	at java.util.concurrent.ThreadPoolExecutor.runWorker(ThreadPoolExecutor.java:1142)
	at java.util.concurrent.ThreadPoolExecutor$Worker.run(ThreadPoolExecutor.java:617)
	at java.lang.Thread.run(Thread.java:745)
... Removed 15 stack frames]]>
    </failure>
  </testcase> <!-- canSelectCollectionsAndSettings -->
  <testcase name="addNewMember" time="0.001" classname="com.biodata.labguru.tests.AccountAdminTest">
    <failure type="java.lang.RuntimeException">
      <![CDATA[java.lang.RuntimeException
	at java.util.concurrent.ThreadPoolExecutor.runWorker(ThreadPoolExecutor.java:1142)
	at java.util.concurrent.ThreadPoolExecutor$Worker.run(ThreadPoolExecutor.java:617)
	at java.lang.Thread.run(Thread.java:745)
... Removed 15 stack frames]]>
    </failure>
  </testcase> <!-- addNewMember -->
  <testcase name="updatePlan" time="0.001" classname="com.biodata.labguru.tests.AccountAdminTest">
    <failure type="java.lang.RuntimeException">
      <![CDATA[java.lang.RuntimeException
	at java.util.concurrent.ThreadPoolExecutor.runWorker(ThreadPoolExecutor.java:1142)
	at java.util.concurrent.ThreadPoolExecutor$Worker.run(ThreadPoolExecutor.java:617)
	at java.lang.Thread.run(Thread.java:745)
... Removed 15 stack frames]]>
    </failure>
  </testcase> <!-- updatePlan -->
  <testcase name="addExistMemberFailed" time="0.001" classname="com.biodata.labguru.tests.AccountAdminTest">
    <failure type="java.lang.RuntimeException">
      <![CDATA[java.lang.RuntimeException
	at java.util.concurrent.ThreadPoolExecutor.runWorker(ThreadPoolExecutor.java:1142)
	at java.util.concurrent.ThreadPoolExecutor$Worker.run(ThreadPoolExecutor.java:617)
	at java.lang.Thread.run(Thread.java:745)
... Removed 15 stack frames]]>
    </failure>
  </testcase> <!-- addExistMemberFailed -->
  <testcase name="canSelectSettings" time="0.001" classname="com.biodata.labguru.tests.AccountAdminTest">
    <failure type="java.lang.RuntimeException">
      <![CDATA[java.lang.RuntimeException
	at java.util.concurrent.ThreadPoolExecutor.runWorker(ThreadPoolExecutor.java:1142)
	at java.util.concurrent.ThreadPoolExecutor$Worker.run(ThreadPoolExecutor.java:617)
	at java.lang.Thread.run(Thread.java:745)
... Removed 15 stack frames]]>
    </failure>
  </testcase> <!-- canSelectSettings -->
  <testcase name="addFolder" time="0.002" classname="com.biodata.labguru.tests.enotebook.ProjectTest">
    <failure type="java.lang.RuntimeException">
      <![CDATA[java.lang.RuntimeException
	at java.util.concurrent.ThreadPoolExecutor.runWorker(ThreadPoolExecutor.java:1142)
	at java.util.concurrent.ThreadPoolExecutor$Worker.run(ThreadPoolExecutor.java:617)
	at java.lang.Thread.run(Thread.java:745)
... Removed 15 stack frames]]>
    </failure>
  </testcase> <!-- addFolder -->
  <testcase name="showMenu" time="0.0" classname="com.biodata.labguru.tests.enotebook.ProjectTest">
    <failure type="java.lang.RuntimeException">
      <![CDATA[java.lang.RuntimeException
	at java.util.concurrent.ThreadPoolExecutor.runWorker(ThreadPoolExecutor.java:1142)
	at java.util.concurrent.ThreadPoolExecutor$Worker.run(ThreadPoolExecutor.java:617)
	at java.lang.Thread.run(Thread.java:745)
... Removed 15 stack frames]]>
    </failure>
  </testcase> <!-- showMenu -->
  <testcase name="uploadImage" time="0.001" classname="com.biodata.labguru.tests.enotebook.ProjectTest">
    <failure type="java.lang.RuntimeException">
      <![CDATA[java.lang.RuntimeException
	at java.util.concurrent.ThreadPoolExecutor.runWorker(ThreadPoolExecutor.java:1142)
	at java.util.concurrent.ThreadPoolExecutor$Worker.run(ThreadPoolExecutor.java:617)
	at java.lang.Thread.run(Thread.java:745)
... Removed 15 stack frames]]>
    </failure>
  </testcase> <!-- uploadImage -->
  <testcase name="addLinkedResource" time="0.0" classname="com.biodata.labguru.tests.enotebook.ProjectTest">
    <failure type="java.lang.RuntimeException">
      <![CDATA[java.lang.RuntimeException
	at java.util.concurrent.ThreadPoolExecutor.runWorker(ThreadPoolExecutor.java:1142)
	at java.util.concurrent.ThreadPoolExecutor$Worker.run(ThreadPoolExecutor.java:617)
	at java.lang.Thread.run(Thread.java:745)
... Removed 15 stack frames]]>
    </failure>
  </testcase> <!-- addLinkedResource -->
  <testcase name="addProject" time="0.001" classname="com.biodata.labguru.tests.enotebook.ProjectTest">
    <failure type="java.lang.RuntimeException">
      <![CDATA[java.lang.RuntimeException
	at java.util.concurrent.ThreadPoolExecutor.runWorker(ThreadPoolExecutor.java:1142)
	at java.util.concurrent.ThreadPoolExecutor$Worker.run(ThreadPoolExecutor.java:617)
	at java.lang.Thread.run(Thread.java:745)
... Removed 15 stack frames]]>
    </failure>
  </testcase> <!-- addProject -->
  <testcase name="addTask" time="0.001" classname="com.biodata.labguru.tests.enotebook.ProjectTest">
    <failure type="java.lang.RuntimeException">
      <![CDATA[java.lang.RuntimeException
	at java.util.concurrent.ThreadPoolExecutor.runWorker(ThreadPoolExecutor.java:1142)
	at java.util.concurrent.ThreadPoolExecutor$Worker.run(ThreadPoolExecutor.java:617)
	at java.lang.Thread.run(Thread.java:745)
... Removed 15 stack frames]]>
    </failure>
  </testcase> <!-- addTask -->
  <testcase name="uploadFile" time="0.0" classname="com.biodata.labguru.tests.enotebook.ProjectTest">
    <failure type="java.lang.RuntimeException">
      <![CDATA[java.lang.RuntimeException
	at java.util.concurrent.ThreadPoolExecutor.runWorker(ThreadPoolExecutor.java:1142)
	at java.util.concurrent.ThreadPoolExecutor$Worker.run(ThreadPoolExecutor.java:617)
	at java.lang.Thread.run(Thread.java:745)
... Removed 15 stack frames]]>
    </failure>
  </testcase> <!-- uploadFile -->
  <testcase name="addNewExperiment" time="0.001" classname="com.biodata.labguru.tests.enotebook.ProjectTest">
    <failure type="java.lang.RuntimeException">
      <![CDATA[java.lang.RuntimeException
	at java.util.concurrent.ThreadPoolExecutor.runWorker(ThreadPoolExecutor.java:1142)
	at java.util.concurrent.ThreadPoolExecutor$Worker.run(ThreadPoolExecutor.java:617)
	at java.lang.Thread.run(Thread.java:745)
... Removed 15 stack frames]]>
    </failure>
  </testcase> <!-- addNewExperiment -->
</testsuite> <!-- ProtocolsTest -->
